
Jun 20, 2023 18:10:27.32 NEW SESSION
Jun 20, 2023 18:10:27.32 [6796:7932:0620/181027.316:ERROR:component_installer.cc(290)] Failed to read manifest or verify installation for Hyphenation (C:\Users\abhi\AppData\Local\Google\Chrome\User Data\hyphen-data\116.0.5825.0).: The system cannot find the file specified. (0x2)
Jun 20, 2023 18:11:01.28 [6796:1116:0620/181101.285:ERROR:network_service_instance_impl.cc(539)] Network service crashed, restarting service.
Jun 20, 2023 18:11:56.85 [6796:7052:0620/181156.852:ERROR:util.cc(134)] Can't create base directory: C:\Program Files\Google\GoogleUpdater
Jun 20, 2023 18:13:24.07 Opening in existing browser session.
Jun 20, 2023 23:11:59.07 [6796:7984:0620/231158.482:ERROR:util.cc(134)] Can't create base directory: C:\Program Files\Google\GoogleUpdater
Jun 21, 2023 06:27:42.28 [6796:10836:0621/062742.186:ERROR:util.cc(134)] Can't create base directory: C:\Program Files\Google\GoogleUpdater
Jun 21, 2023 11:27:42.81 [6796:10656:0621/112742.818:ERROR:util.cc(134)] Can't create base directory: C:\Program Files\Google\GoogleUpdater

Jun 21, 2023 18:39:07.48 NEW SESSION
Jun 21, 2023 18:39:07.48 [9872:2544:0621/183907.475:ERROR:network_service_instance_impl.cc(539)] Network service crashed, restarting service.
Jun 21, 2023 18:56:55.84 [3928:7616:0621/185655.844:ERROR:util.cc(134)] Can't create base directory: C:\Program Files\Google\GoogleUpdater
Jun 21, 2023 19:00:34.17 [9768:5552:0621/190034.172:ERROR:util.cc(134)] Can't create base directory: C:\Program Files\Google\GoogleUpdater
Jun 21, 2023 19:09:23.17 [992:6328:0621/190923.176:ERROR:util.cc(134)] Can't create base directory: C:\Program Files\Google\GoogleUpdater
Jun 22, 2023 14:05:56.10 [11112:9588:0622/140556.040:ERROR:network_service_instance_impl.cc(539)] Network service crashed, restarting service.
Jun 22, 2023 14:06:44.41 [11112:8504:0622/140644.415:ERROR:util.cc(134)] Can't create base directory: C:\Program Files\Google\GoogleUpdater
Jun 22, 2023 14:16:49.34 [7244:8080:0622/141649.346:ERROR:util.cc(134)] Can't create base directory: C:\Program Files\Google\GoogleUpdater

Jun 22, 2023 19:15:30.81 NEW SESSION
Jun 22, 2023 19:15:30.81 [10384:8824:0622/191530.808:ERROR:util.cc(134)] Can't create base directory: C:\Program Files\Google\GoogleUpdater

Jun 23, 2023 18:23:25.69 NEW SESSION
Jun 23, 2023 18:23:25.69 [8648:9564:0623/182325.671:ERROR:network_service_instance_impl.cc(539)] Network service crashed, restarting service.
Jun 23, 2023 18:24:16.48 [8648:10704:0623/182416.484:ERROR:util.cc(134)] Can't create base directory: C:\Program Files\Google\GoogleUpdater
Jun 23, 2023 18:35:33.99 [1312:4564:0623/183533.994:ERROR:util.cc(134)] Can't create base directory: C:\Program Files\Google\GoogleUpdater
Jun 23, 2023 18:40:17.83 [9828:9924:0623/184017.835:ERROR:util.cc(134)] Can't create base directory: C:\Program Files\Google\GoogleUpdater
Jun 23, 2023 18:48:35.42 [8216:10656:0623/184835.421:ERROR:util.cc(134)] Can't create base directory: C:\Program Files\Google\GoogleUpdater
Jun 23, 2023 18:54:52.27 [8640:4924:0623/185452.272:ERROR:util.cc(134)] Can't create base directory: C:\Program Files\Google\GoogleUpdater
Jun 23, 2023 20:58:19.92 [232:8324:0623/205819.924:ERROR:util.cc(134)] Can't create base directory: C:\Program Files\Google\GoogleUpdater
Jun 23, 2023 21:29:43.81 [232:6824:0623/212943.809:ERROR:interface_endpoint_client.cc(695)] Message 0 rejected by interface blink.mojom.WidgetHost

Jun 24, 2023 16:10:29.67 NEW SESSION
Jun 24, 2023 16:10:29.67 [9448:8924:0624/161029.666:ERROR:util.cc(134)] Can't create base directory: C:\Program Files\Google\GoogleUpdater

Jun 24, 2023 17:26:08.54 NEW SESSION
Jun 24, 2023 17:26:08.54 [11232:9080:0624/172608.545:ERROR:util.cc(134)] Can't create base directory: C:\Program Files\Google\GoogleUpdater
Jun 24, 2023 17:29:23.33 [7900:6980:0624/172923.338:ERROR:util.cc(134)] Can't create base directory: C:\Program Files\Google\GoogleUpdater
Jun 24, 2023 17:47:56.68 [9892:7376:0624/174756.680:ERROR:util.cc(134)] Can't create base directory: C:\Program Files\Google\GoogleUpdater
Jun 24, 2023 18:54:28.58 [7440:9248:0624/185428.581:ERROR:util.cc(134)] Can't create base directory: C:\Program Files\Google\GoogleUpdater
Jun 24, 2023 19:04:08.64 [5220:4256:0624/190408.646:ERROR:util.cc(134)] Can't create base directory: C:\Program Files\Google\GoogleUpdater
Jun 24, 2023 19:34:37.01 [7640:1116:0624/193437.017:ERROR:util.cc(134)] Can't create base directory: C:\Program Files\Google\GoogleUpdater
Jun 24, 2023 19:44:24.06 [5552:6884:0624/194424.063:ERROR:util.cc(134)] Can't create base directory: C:\Program Files\Google\GoogleUpdater

Jun 26, 2023 18:16:49.60 NEW SESSION
Jun 26, 2023 18:16:49.60 [9436:11256:0626/181649.082:ERROR:network_service_instance_impl.cc(539)] Network service crashed, restarting service.
Jun 26, 2023 18:17:44.32 [9436:10468:0626/181744.328:ERROR:util.cc(134)] Can't create base directory: C:\Program Files\Google\GoogleUpdater
Jun 26, 2023 18:46:42.75 [4728:3304:0626/184642.750:ERROR:util.cc(134)] Can't create base directory: C:\Program Files\Google\GoogleUpdater
Jun 26, 2023 19:30:44.16 [6256:7992:0626/193044.165:ERROR:util.cc(134)] Can't create base directory: C:\Program Files\Google\GoogleUpdater
Jun 26, 2023 21:21:32.28 [1692:3872:0626/212132.288:ERROR:util.cc(134)] Can't create base directory: C:\Program Files\Google\GoogleUpdater
Jun 26, 2023 21:49:33.37 [6188:7384:0626/214933.369:ERROR:util.cc(134)] Can't create base directory: C:\Program Files\Google\GoogleUpdater
Jun 26, 2023 22:38:45.59 [6952:7592:0626/223845.592:ERROR:util.cc(134)] Can't create base directory: C:\Program Files\Google\GoogleUpdater
Jun 27, 2023 06:52:59.96 [6952:8092:0627/065256.389:ERROR:util.cc(134)] Can't create base directory: C:\Program Files\Google\GoogleUpdater

Jun 27, 2023 14:45:09.80 NEW SESSION
Jun 27, 2023 14:45:09.80 [5488:4680:0627/144509.802:ERROR:component_installer.cc(290)] Failed to read manifest or verify installation for Hyphenation (C:\Users\abhi\AppData\Local\Google\Chrome\User Data\hyphen-data\117.0.5854.0).: The system cannot find the file specified. (0x2)
Jun 27, 2023 14:46:10.30 [5488:5628:0627/144610.303:ERROR:util.cc(134)] Can't create base directory: C:\Program Files\Google\GoogleUpdater

Jun 27, 2023 17:21:06.88 NEW SESSION
Jun 27, 2023 17:21:06.88 [2976:2728:0627/172106.871:ERROR:network_service_instance_impl.cc(539)] Network service crashed, restarting service.
Jun 27, 2023 17:21:57.96 [2976:7032:0627/172157.963:ERROR:util.cc(134)] Can't create base directory: C:\Program Files\Google\GoogleUpdater
Jun 27, 2023 17:45:03.42 [4936:6504:0627/174503.427:ERROR:util.cc(134)] Can't create base directory: C:\Program Files\Google\GoogleUpdater
Jun 27, 2023 17:47:49.99 [3420:7028:0627/174749.992:ERROR:util.cc(134)] Can't create base directory: C:\Program Files\Google\GoogleUpdater
Jun 27, 2023 17:50:26.27 [1100:6276:0627/175026.275:ERROR:util.cc(134)] Can't create base directory: C:\Program Files\Google\GoogleUpdater
Jun 27, 2023 18:29:42.94 [5020:2044:0627/182942.940:ERROR:util.cc(134)] Can't create base directory: C:\Program Files\Google\GoogleUpdater
Jun 27, 2023 18:39:51.98 [1008:5880:0627/183951.980:ERROR:util.cc(134)] Can't create base directory: C:\Program Files\Google\GoogleUpdater

Jun 27, 2023 18:52:29.98 NEW SESSION
Jun 27, 2023 18:52:29.98 [5264:4684:0627/185229.982:ERROR:util.cc(134)] Can't create base directory: C:\Program Files\Google\GoogleUpdater

Jun 28, 2023 24:38:14.77 NEW SESSION
Jun 28, 2023 24:38:14.77 [7712:6352:0628/003814.770:ERROR:util.cc(134)] Can't create base directory: C:\Program Files\Google\GoogleUpdater
Jun 28, 2023 06:47:39.90 [7712:7688:0628/064739.903:ERROR:util.cc(134)] Can't create base directory: C:\Program Files\Google\GoogleUpdater
Jun 28, 2023 11:47:40.76 [7712:8072:0628/114740.745:ERROR:util.cc(134)] Can't create base directory: C:\Program Files\Google\GoogleUpdater
Jun 28, 2023 15:06:11.19 [8132:6660:0628/150611.194:ERROR:util.cc(134)] Can't create base directory: C:\Program Files\Google\GoogleUpdater

Jun 28, 2023 18:21:03.52 NEW SESSION
Jun 28, 2023 18:21:03.52 [2960:5424:0628/182103.523:ERROR:util.cc(134)] Can't create base directory: C:\Program Files\Google\GoogleUpdater
Jun 28, 2023 19:07:48.72 [5488:6344:0628/190748.725:ERROR:util.cc(134)] Can't create base directory: C:\Program Files\Google\GoogleUpdater
Jun 28, 2023 23:30:58.92 [5380:6528:0628/233057.642:ERROR:network_service_instance_impl.cc(539)] Network service crashed, restarting service.
Jun 28, 2023 23:33:03.73 [3180:8820:0628/233303.731:ERROR:util.cc(134)] Can't create base directory: C:\Program Files\Google\GoogleUpdater
Jun 29, 2023 11:11:30.13 [7292:7212:0629/111128.855:ERROR:network_service_instance_impl.cc(539)] Network service crashed, restarting service.
Jun 29, 2023 11:12:20.42 [7292:6812:0629/111220.428:ERROR:util.cc(134)] Can't create base directory: C:\Program Files\Google\GoogleUpdater

Jun 30, 2023 12:29:21.99 NEW SESSION
Jun 30, 2023 12:29:22.22 [6180:7268:0630/122913.797:ERROR:network_service_instance_impl.cc(539)] Network service crashed, restarting service.
Jun 30, 2023 12:30:08.66 [6180:5612:0630/123008.667:ERROR:util.cc(134)] Can't create base directory: C:\Program Files\Google\GoogleUpdater

Jun 30, 2023 17:27:01.88 NEW SESSION
Jun 30, 2023 17:27:01.88 [6612:5356:0630/172701.878:ERROR:util.cc(134)] Can't create base directory: C:\Program Files\Google\GoogleUpdater
Jun 30, 2023 17:55:35.53 [7920:6464:0630/175535.536:ERROR:util.cc(134)] Can't create base directory: C:\Program Files\Google\GoogleUpdater
Jun 30, 2023 18:46:48.93 [7048:7256:0630/184648.936:ERROR:util.cc(134)] Can't create base directory: C:\Program Files\Google\GoogleUpdater
Jun 30, 2023 23:46:49.76 [7048:940:0630/234649.702:ERROR:util.cc(134)] Can't create base directory: C:\Program Files\Google\GoogleUpdater
Jul 01, 2023 24:06:59.16 [9044:5272:0701/000659.167:ERROR:util.cc(134)] Can't create base directory: C:\Program Files\Google\GoogleUpdater
Jul 01, 2023 07:10:59.37 [9044:4324:0701/071058.498:ERROR:util.cc(134)] Can't create base directory: C:\Program Files\Google\GoogleUpdater
Jul 01, 2023 12:10:57.72 [9044:2636:0701/121057.590:ERROR:util.cc(134)] Can't create base directory: C:\Program Files\Google\GoogleUpdater

Jul 01, 2023 17:33:54.60 NEW SESSION
Jul 01, 2023 17:33:54.60 [6548:5936:0701/173354.600:ERROR:network_service_instance_impl.cc(539)] Network service crashed, restarting service.
Jul 01, 2023 17:36:56.78 [7172:6284:0701/173656.782:ERROR:util.cc(134)] Can't create base directory: C:\Program Files\Google\GoogleUpdater
Jul 01, 2023 19:29:20.03 [7532:3404:0701/192920.039:ERROR:util.cc(134)] Can't create base directory: C:\Program Files\Google\GoogleUpdater
Jul 02, 2023 24:29:20.97 [7532:828:0702/002920.775:ERROR:util.cc(134)] Can't create base directory: C:\Program Files\Google\GoogleUpdater
Jul 02, 2023 07:41:21.67 [7532:7528:0702/074121.678:ERROR:util.cc(134)] Can't create base directory: C:\Program Files\Google\GoogleUpdater
Jul 02, 2023 12:41:21.69 [7532:3920:0702/124121.629:ERROR:util.cc(134)] Can't create base directory: C:\Program Files\Google\GoogleUpdater
Jul 02, 2023 19:35:00.78 [7532:8032:0702/193500.556:ERROR:util.cc(134)] Can't create base directory: C:\Program Files\Google\GoogleUpdater

Jul 03, 2023 10:03:45.87 NEW SESSION
Jul 03, 2023 10:03:46.53 [8964:6172:0703/100342.317:ERROR:network_service_instance_impl.cc(539)] Network service crashed, restarting service.
Jul 03, 2023 10:04:39.74 [8964:8480:0703/100439.745:ERROR:util.cc(134)] Can't create base directory: C:\Program Files\Google\GoogleUpdater
Jul 03, 2023 11:56:13.36 [8908:8160:0703/115613.366:ERROR:util.cc(134)] Can't create base directory: C:\Program Files\Google\GoogleUpdater
Jul 03, 2023 12:47:47.36 [4268:7688:0703/124747.360:ERROR:util.cc(134)] Can't create base directory: C:\Program Files\Google\GoogleUpdater

Jul 04, 2023 10:43:22.66 NEW SESSION
Jul 04, 2023 10:43:22.67 [10196:6216:0704/104322.451:ERROR:util.cc(134)] Can't create base directory: C:\Program Files\Google\GoogleUpdater
Jul 04, 2023 15:43:23.21 [10196:5708:0704/154323.144:ERROR:util.cc(134)] Can't create base directory: C:\Program Files\Google\GoogleUpdater
Jul 04, 2023 16:55:06.26 [8700:7456:0704/165506.265:ERROR:util.cc(134)] Can't create base directory: C:\Program Files\Google\GoogleUpdater
Jul 04, 2023 17:06:29.68 [8364:9668:0704/170629.683:ERROR:util.cc(134)] Can't create base directory: C:\Program Files\Google\GoogleUpdater
Jul 04, 2023 18:04:41.87 [9092:8324:0704/180441.879:ERROR:util.cc(134)] Can't create base directory: C:\Program Files\Google\GoogleUpdater
Jul 04, 2023 19:29:40.09 [9092:7712:0704/192940.098:ERROR:interface_endpoint_client.cc(695)] Message 5 rejected by interface blink.mojom.WidgetHost
Jul 04, 2023 23:04:43.22 [9092:3060:0704/230442.962:ERROR:util.cc(134)] Can't create base directory: C:\Program Files\Google\GoogleUpdater
Jul 05, 2023 10:40:10.30 [9060:7188:0705/104010.170:ERROR:network_service_instance_impl.cc(539)] Network service crashed, restarting service.
Jul 05, 2023 10:41:07.25 [9060:6324:0705/104107.250:ERROR:util.cc(134)] Can't create base directory: C:\Program Files\Google\GoogleUpdater
Jul 05, 2023 10:44:29.28 [6524:7636:0705/104429.285:ERROR:util.cc(134)] Can't create base directory: C:\Program Files\Google\GoogleUpdater
Jul 05, 2023 10:54:50.19 [7528:7408:0705/105450.193:ERROR:util.cc(134)] Can't create base directory: C:\Program Files\Google\GoogleUpdater
Jul 05, 2023 12:09:28.73 [4728:9120:0705/120928.713:ERROR:util.cc(134)] Can't create base directory: C:\Program Files\Google\GoogleUpdater

Jul 05, 2023 17:31:02.45 NEW SESSION
Jul 05, 2023 17:31:02.45 [8264:7544:0705/173102.438:ERROR:util.cc(134)] Can't create base directory: C:\Program Files\Google\GoogleUpdater

Jul 05, 2023 18:59:58.05 NEW SESSION
Jul 05, 2023 18:59:58.05 [4576:8288:0705/185958.052:ERROR:util.cc(134)] Can't create base directory: C:\Program Files\Google\GoogleUpdater
Jul 05, 2023 23:59:59.93 [4576:6420:0705/235959.274:ERROR:util.cc(134)] Can't create base directory: C:\Program Files\Google\GoogleUpdater
Jul 06, 2023 06:17:08.83 [4576:9476:0706/061708.019:ERROR:util.cc(134)] Can't create base directory: C:\Program Files\Google\GoogleUpdater
Jul 06, 2023 11:17:09.43 [4576:9760:0706/111709.144:ERROR:util.cc(134)] Can't create base directory: C:\Program Files\Google\GoogleUpdater

Jul 06, 2023 16:31:48.95 NEW SESSION
Jul 06, 2023 16:31:48.95 [5968:5776:0706/163148.919:ERROR:util.cc(134)] Can't create base directory: C:\Program Files\Google\GoogleUpdater
Jul 06, 2023 16:40:49.75 [4392:9396:0706/164049.752:ERROR:util.cc(134)] Can't create base directory: C:\Program Files\Google\GoogleUpdater

Jul 06, 2023 17:23:38.62 NEW SESSION
Jul 06, 2023 17:23:38.62 [6812:8932:0706/172338.622:ERROR:util.cc(134)] Can't create base directory: C:\Program Files\Google\GoogleUpdater
Jul 06, 2023 17:32:08.39 [4540:4628:0706/173208.395:ERROR:util.cc(134)] Can't create base directory: C:\Program Files\Google\GoogleUpdater
Jul 06, 2023 18:14:02.77 [3700:6608:0706/181402.775:ERROR:util.cc(134)] Can't create base directory: C:\Program Files\Google\GoogleUpdater
Jul 06, 2023 19:23:52.27 [7884:6692:0706/192352.270:ERROR:util.cc(134)] Can't create base directory: C:\Program Files\Google\GoogleUpdater
Jul 07, 2023 06:10:10.14 [7884:9212:0707/061003.042:ERROR:util.cc(134)] Can't create base directory: C:\Program Files\Google\GoogleUpdater
Jul 07, 2023 11:09:50.08 [7884:5924:0707/110949.939:ERROR:util.cc(134)] Can't create base directory: C:\Program Files\Google\GoogleUpdater

Jul 12, 2023 12:08:10.30 NEW SESSION
Jul 12, 2023 12:08:10.30 [7508:2628:0712/120810.304:ERROR:util.cc(134)] Can't create base directory: C:\Program Files\Google\GoogleUpdater
